<?xml version="1.0" encoding="UTF-8"?>
<!-- Generated by org.testng.reporters.JUnitReportReporter -->
<testsuite ignored="0" hostname="YEDIPC" failures="0" tests="1" name="testSel.HardAssert" time="8.232" errors="0" timestamp="26 nov 2022 16:42:45 GMT" skipped="0">
  <testcase classname="testSel.HardAssert" name="TestCase01" time="8.232"/>
</testsuite> <!-- testSel.HardAssert -->
