<?xml version="1.0" encoding="UTF-8"?>
<!-- Generated by org.testng.reporters.JUnitReportReporter -->
<testsuite ignored="0" hostname="YEDIPC" failures="0" tests="1" name="testSel.testSel" time="4.482" errors="0" timestamp="29 oct 2022 16:03:59 GMT" skipped="0">
  <testcase classname="testSel.testSel" name="f" time="4.482"/>
</testsuite> <!-- testSel.testSel -->
