<?xml version="1.0" encoding="UTF-8"?>
<!-- Generated by org.testng.reporters.JUnitReportReporter -->
<testsuite ignored="0" hostname="YEDIPC" failures="0" tests="1" name="testSel.oftAssert" time="4.414" errors="0" timestamp="26 nov 2022 17:04:44 GMT" skipped="0">
  <testcase classname="testSel.oftAssert" name="testcase01" time="4.414"/>
</testsuite> <!-- testSel.oftAssert -->
